executed query: { SELECT first_name FROM users WHERE id = $1 AND deleted_at IS null AND active IS true AND type NOT IN (7)  , params: 2; duration: 1299ms }
executed query: { query: BEGIN, params: undefined; duration: 514ms, rows: null }
executed query: { query: INSERT INTO courses(teacher_id, name, description, price, status) VALUES($1, $2, $3, $4, $5) RETURNING *, params: 2,CURSO DE HIPNOSE,TESTE,0,em análise; duration: 105ms, rows: 1 }
executed query: { query: INSERT INTO courses_categories(name, created_by) VALUES($1, $2) RETURNING *, params: hipnose,2; duration: 79ms, rows: 1 }
executed query: { query: INSERT INTO courses_flags(course_id, category_id, created_by) VALUES($1, $2, $3) RETURNING *, params: 189,282,2; duration: 133ms, rows: 1 }
executed query: { query: INSERT INTO courses_categories(name, created_by) VALUES($1, $2) RETURNING *, params: passos,2; duration: 20ms, rows: 1 }
executed query: { query: INSERT INTO courses_flags(course_id, category_id, created_by) VALUES($1, $2, $3) RETURNING *, params: 189,283,2; duration: 27ms, rows: 1 }
executed query: { query: INSERT INTO modules(name, description) VALUES($1, $2) RETURNING *, params: PREPARAÇÃO,PRIMEIROS PASSOS PARA UMA HIPNOSE; duration: 41ms, rows: 1 }
executed query: { query: INSERT INTO module_order(course_id, module_id, module_order) VALUES($1, $2, $3), params: 189,316,1; duration: 65ms, rows: 1 }
executed query: { query: INSERT INTO modules(name, description) VALUES($1, $2) RETURNING *, params: PREPARAÇÃO 2,SEGUNDOS PASSOS PARA UMA HIPNOSE; duration: 22ms, rows: 1 }
executed query: { query: INSERT INTO module_order(course_id, module_id, module_order) VALUES($1, $2, $3), params: 189,317,2; duration: 21ms, rows: 1 }
executed query: { query: INSERT INTO modules(name, description) VALUES($1, $2) RETURNING *, params: PREPARAÇÃO 3,TERCEIROS PASSOS PARA UMA HIPNOSE; duration: 22ms, rows: 1 }
executed query: { query: INSERT INTO module_order(course_id, module_id, module_order) VALUES($1, $2, $3), params: 189,318,3; duration: 20ms, rows: 1 }
executed query: { query: SELECT id FROM modules WHERE id = $1 AND deleted_at IS NULL, params: 316; duration: 23ms, rows: 1 }
executed query: { query: INSERT INTO classes(name, class_order, module_id, inactive, description, video_link) VALUES ($1, $2, $3, $4, $5, $6), params: Dormindo modulo 1 order1,1,9999999,false,TÔ COM SONO,www.youtube.com; duration: 51ms, rows: error }
executed query: { query: ROLLBACK, params: undefined; duration: 19ms, rows: null }
executed query: { SELECT first_name FROM users WHERE id = $1 AND deleted_at IS null AND active IS true AND type NOT IN (7)  , params: 2; duration: 936ms }
executed query: { query: BEGIN, params: undefined; duration: 507ms, rows: null }
executed query: { query: INSERT INTO courses(teacher_id, name, description, price, status) VALUES($1, $2, $3, $4, $5) RETURNING *, params: 2,CURSO DE HIPNOSE,TESTE,0,em análise; duration: 118ms, rows: 1 }
executed query: { query: INSERT INTO courses_categories(name, created_by) VALUES($1, $2) RETURNING *, params: hipnose,2; duration: 38ms, rows: 1 }
executed query: { query: INSERT INTO courses_flags(course_id, category_id, created_by) VALUES($1, $2, $3) RETURNING *, params: 190,284,2; duration: 30ms, rows: 1 }
executed query: { query: INSERT INTO courses_categories(name, created_by) VALUES($1, $2) RETURNING *, params: passos,2; duration: 21ms, rows: 1 }
executed query: { query: INSERT INTO courses_flags(course_id, category_id, created_by) VALUES($1, $2, $3) RETURNING *, params: 190,285,2; duration: 22ms, rows: 1 }
executed query: { query: INSERT INTO modules(name, description) VALUES($1, $2) RETURNING *, params: PREPARAÇÃO,PRIMEIROS PASSOS PARA UMA HIPNOSE; duration: 29ms, rows: 1 }
executed query: { query: INSERT INTO module_order(course_id, module_id, module_order) VALUES($1, $2, $3), params: 190,319,1; duration: 30ms, rows: 1 }
executed query: { query: INSERT INTO modules(name, description) VALUES($1, $2) RETURNING *, params: PREPARAÇÃO 2,SEGUNDOS PASSOS PARA UMA HIPNOSE; duration: 21ms, rows: 1 }
executed query: { query: INSERT INTO module_order(course_id, module_id, module_order) VALUES($1, $2, $3), params: 190,320,2; duration: 21ms, rows: 1 }
executed query: { query: INSERT INTO modules(name, description) VALUES($1, $2) RETURNING *, params: PREPARAÇÃO 3,TERCEIROS PASSOS PARA UMA HIPNOSE; duration: 22ms, rows: 1 }
executed query: { query: INSERT INTO module_order(course_id, module_id, module_order) VALUES($1, $2, $3), params: 190,321,3; duration: 23ms, rows: 1 }
executed query: { query: SELECT id FROM modules WHERE id = $1 AND deleted_at IS NULL, params: 319; duration: 21ms, rows: 1 }
executed query: { query: INSERT INTO classes(name, class_order, module_id, inactive, description, video_link) VALUES ($1, $2, $3, $4, $5, $6), params: Dormindo modulo 1 order1,1,319,false,TÔ COM SONO,www.youtube.com; duration: 30ms, rows: 1 }
executed query: { query: SELECT id FROM modules WHERE id = $1 AND deleted_at IS NULL, params: 319; duration: 21ms, rows: 1 }
executed query: { query: INSERT INTO classes(name, class_order, module_id, inactive, description, video_link) VALUES ($1, $2, $3, $4, $5, $6), params: Dormindo  modulo 1 order2,2,319,false,TÔ COM SONO,www.youtube.com; duration: 21ms, rows: 1 }
executed query: { query: SELECT id FROM modules WHERE id = $1 AND deleted_at IS NULL, params: 320; duration: 21ms, rows: 1 }
executed query: { query: INSERT INTO classes(name, class_order, module_id, inactive, description, video_link) VALUES ($1, $2, $3, $4, $5, $6), params: Acordando  modulo 2 order1,1,320,false,AINDA TÔ COM SONO,www.youtube.com; duration: 28ms, rows: 1 }
executed query: { query: SELECT id FROM modules WHERE id = $1 AND deleted_at IS NULL, params: 320; duration: 24ms, rows: 1 }
executed query: { query: INSERT INTO classes(name, class_order, module_id, inactive, description, video_link) VALUES ($1, $2, $3, $4, $5, $6), params: Dormindo modulo 2 order2,2,320,false,AINDA TÔ COM SONO,www.youtube.com; duration: 23ms, rows: 1 }
executed query: { query: SELECT id FROM modules WHERE id = $1 AND deleted_at IS NULL, params: 321; duration: 22ms, rows: 1 }
executed query: { query: INSERT INTO classes(name, class_order, module_id, inactive, description, video_link) VALUES ($1, $2, $3, $4, $5, $6), params: Dormindo modulo 3 order1,1,321,false,MORRENDO DE SONO,www.youtube.com; duration: 23ms, rows: 1 }
executed query: { query: SELECT id FROM modules WHERE id = $1 AND deleted_at IS NULL, params: 321; duration: 23ms, rows: 1 }
executed query: { query: INSERT INTO classes(name, class_order, module_id, inactive, description, video_link) VALUES ($1, $2, $3, $4, $5, $6), params: Dormindo modulo 3 order2,2,321,false,MORRENDO DE SONO,www.youtube.com; duration: 22ms, rows: 1 }
executed query: { query: SELECT id FROM modules WHERE id = $1 AND deleted_at IS NULL, params: 321; duration: 22ms, rows: 1 }
executed query: { query: INSERT INTO classes(name, class_order, module_id, inactive, description, video_link) VALUES ($1, $2, $3, $4, $5, $6), params: Dormindo modulo 3 order3,3,321,false,MORRENDO DE SONO,www.youtube.com; duration: 22ms, rows: 1 }
executed query: { query: COMMIT, params: undefined; duration: 37ms, rows: null }
